Theory: quotient_pred_set

Parents:
    quotient_pair

Term constants:
    DELETER     :(Î± -> Î± -> bool) -> (Î± -> bool) -> Î± -> Î± -> bool
    DISJOINTR   :(Î± -> Î± -> bool) -> (Î± -> bool) -> (Î± -> bool) -> bool
    FINITER     :(Î± -> Î± -> bool) -> (Î± -> bool) -> bool
    GSPECR      :(Î± -> Î± -> bool) ->
                 (Î² -> Î² -> bool) -> (Î± -> Î² # bool) -> Î² -> bool
    IMAGER      :(Î± -> Î± -> bool) ->
                 (Î² -> Î² -> bool) ->
                 (Î± -> Î²) -> (Î± -> bool) -> Î² -> bool
    INSERTR     :(Î± -> Î± -> bool) -> Î± -> (Î± -> bool) -> Î± -> bool
    PSUBSETR    :(Î± -> Î± -> bool) -> (Î± -> bool) -> (Î± -> bool) -> bool
    SUBSETR     :(Î± -> Î± -> bool) -> (Î± -> bool) -> (Î± -> bool) -> bool

Definitions:
    DELETER_def
      |- âˆ€R s x. DELETER R s x = {y | y âˆˆ s âˆ§ Â¬R x y}
    DISJOINTR_def
      |- âˆ€R s t. DISJOINTR R s t â‡” Â¬âˆƒx::respects R. x âˆˆ s âˆ§ x âˆˆ t
    FINITER_def
      |- âˆ€R s.
           FINITER R s â‡”
           âˆ€P::respects ((R ===> $<=>) ===> $<=>).
             P âˆ… âˆ§
             (âˆ€s::respects (R ===> $<=>).
                P s â‡’ âˆ€e::respects R. P (INSERTR R e s)) â‡’
             P s
    GSPECR_def
      |- âˆ€R1 R2 f v.
           GSPECR R1 R2 f v â‡” âˆƒx::respects R1. (R2 ### $<=>) (v,T) (f x)
    IMAGER_def
      |- âˆ€R1 R2 f s.
           IMAGER R1 R2 f s = {y | âˆƒx::respects R1. R2 y (f x) âˆ§ x âˆˆ s}
    INSERTR_def
      |- âˆ€R x s. INSERTR R x s = {y | R y x âˆ¨ y âˆˆ s}
    PSUBSETR_def
      |- âˆ€R s t. PSUBSETR R s t â‡” SUBSETR R s t âˆ§ Â¬(R ===> $<=>) s t
    SUBSETR_def
      |- âˆ€R s t. SUBSETR R s t â‡” âˆ€x::respects R. x âˆˆ s â‡’ x âˆˆ t

Theorems:
    ABSORPTIONR
      |- âˆ€R (x::respects R) (s::respects (R ===> $<=>)).
           x âˆˆ s â‡” (R ===> $<=>) (INSERTR R x s) s
    DELETER_RSP
      |- âˆ€R abs rep.
           QUOTIENT R abs rep â‡’
           âˆ€s1 s2 x1 x2.
             (R ===> $<=>) s1 s2 âˆ§ R x1 x2 â‡’
             (R ===> $<=>) (DELETER R s1 x1) (DELETER R s2 x2)
    DELETE_PRS
      |- âˆ€R abs rep.
           QUOTIENT R abs rep â‡’
           âˆ€s x.
             s DELETE x =
             (rep --> I) (DELETER R ((abs --> I) s) (rep x))
    DIFF_PRS
      |- âˆ€R abs rep.
           QUOTIENT R abs rep â‡’
           âˆ€s t.
             s DIFF t = (rep --> I) ((abs --> I) s DIFF (abs --> I) t)
    DIFF_RSP
      |- âˆ€R abs rep.
           QUOTIENT R abs rep â‡’
           âˆ€s1 s2 t1 t2.
             (R ===> $<=>) s1 s2 âˆ§ (R ===> $<=>) t1 t2 â‡’
             (R ===> $<=>) (s1 DIFF t1) (s2 DIFF t2)
    DISJOINTR_RSP
      |- âˆ€R abs rep.
           QUOTIENT R abs rep â‡’
           âˆ€s1 s2 t1 t2.
             (R ===> $<=>) s1 s2 âˆ§ (R ===> $<=>) t1 t2 â‡’
             (DISJOINTR R s1 t1 â‡” DISJOINTR R s2 t2)
    DISJOINT_PRS
      |- âˆ€R abs rep.
           QUOTIENT R abs rep â‡’
           âˆ€s t.
             DISJOINT s t â‡” DISJOINTR R ((abs --> I) s) ((abs --> I) t)
    EMPTY_PRS
      |- âˆ€R abs rep. QUOTIENT R abs rep â‡’ (âˆ… = (rep --> I) âˆ…)
    EMPTY_RSP
      |- âˆ€R abs rep. QUOTIENT R abs rep â‡’ (R ===> $<=>) âˆ… âˆ…
    FINITER_EMPTY
      |- âˆ€R. FINITER R âˆ…
    FINITER_EQ
      |- âˆ€R s1 s2. (R ===> $<=>) s1 s2 â‡’ (FINITER R s1 â‡” FINITER R s2)
    FINITER_INDUCT
      |- âˆ€R (P::respects ((R ===> $<=>) ===> $<=>)).
           P âˆ… âˆ§
           (âˆ€s::respects (R ===> $<=>).
              FINITER R s âˆ§ P s â‡’
              âˆ€e::respects R. e âˆ‰ s â‡’ P (INSERTR R e s)) â‡’
           âˆ€s::respects (R ===> $<=>). FINITER R s â‡’ P s
    FINITER_INSERTR
      |- âˆ€R (s::respects (R ===> $<=>)).
           FINITER R s â‡’ âˆ€x::respects R. FINITER R (INSERTR R x s)
    FINITER_RSP
      |- âˆ€R abs rep.
           QUOTIENT R abs rep â‡’
           âˆ€s1 s2. (R ===> $<=>) s1 s2 â‡’ (FINITER R s1 â‡” FINITER R s2)
    FINITE_PRS
      |- âˆ€R abs rep.
           QUOTIENT R abs rep â‡’ âˆ€s. FINITE s â‡” FINITER R ((abs --> I) s)
    GSPECR_RSP
      |- âˆ€R1 abs1 rep1.
           QUOTIENT R1 abs1 rep1 â‡’
           âˆ€R2 abs2 rep2.
             QUOTIENT R2 abs2 rep2 â‡’
             âˆ€f1 f2.
               (R1 ===> R2 ### $<=>) f1 f2 â‡’
               (R2 ===> $<=>) (GSPECR R1 R2 f1) (GSPECR R1 R2 f2)
    GSPEC_PRS
      |- âˆ€R1 abs1 rep1.
           QUOTIENT R1 abs1 rep1 â‡’
           âˆ€R2 abs2 rep2.
             QUOTIENT R2 abs2 rep2 â‡’
             âˆ€f.
               GSPEC f =
               (rep2 --> I) (GSPECR R1 R2 ((abs1 --> (rep2 ## I)) f))
    IMAGER_RSP
      |- âˆ€R1 abs1 rep1.
           QUOTIENT R1 abs1 rep1 â‡’
           âˆ€R2 abs2 rep2.
             QUOTIENT R2 abs2 rep2 â‡’
             âˆ€f1 f2 s1 s2.
               (R1 ===> R2) f1 f2 âˆ§ (R1 ===> $<=>) s1 s2 â‡’
               (R2 ===> $<=>) (IMAGER R1 R2 f1 s1) (IMAGER R1 R2 f2 s2)
    IMAGE_PRS
      |- âˆ€R1 abs1 rep1.
           QUOTIENT R1 abs1 rep1 â‡’
           âˆ€R2 abs2 rep2.
             QUOTIENT R2 abs2 rep2 â‡’
             âˆ€f s.
               IMAGE f s =
               (rep2 --> I)
                 (IMAGER R1 R2 ((abs1 --> rep2) f) ((abs1 --> I) s))
    INSERTR_RSP
      |- âˆ€R abs rep.
           QUOTIENT R abs rep â‡’
           âˆ€x1 x2 s1 s2.
             R x1 x2 âˆ§ (R ===> $<=>) s1 s2 â‡’
             (R ===> $<=>) (INSERTR R x1 s1) (INSERTR R x2 s2)
    INSERT_PRS
      |- âˆ€R abs rep.
           QUOTIENT R abs rep â‡’
           âˆ€s x.
             x INSERT s =
             (rep --> I) (INSERTR R (rep x) ((abs --> I) s))
    INTER_PRS
      |- âˆ€R abs rep.
           QUOTIENT R abs rep â‡’
           âˆ€s t. s âˆ© t = (rep --> I) ((abs --> I) s âˆ© (abs --> I) t)
    INTER_RSP
      |- âˆ€R abs rep.
           QUOTIENT R abs rep â‡’
           âˆ€s1 s2 t1 t2.
             (R ===> $<=>) s1 s2 âˆ§ (R ===> $<=>) t1 t2 â‡’
             (R ===> $<=>) (s1 âˆ© t1) (s2 âˆ© t2)
    IN_DELETER
      |- âˆ€R s x y. y âˆˆ DELETER R s x â‡” y âˆˆ s âˆ§ Â¬R x y
    IN_GSPECR
      |- âˆ€R1 R2 f v.
           v âˆˆ GSPECR R1 R2 f â‡”
           âˆƒx::respects R1. (R2 ### $<=>) (v,T) (f x)
    IN_IMAGER
      |- âˆ€R1 R2 y f s.
           y âˆˆ IMAGER R1 R2 f s â‡” âˆƒx::respects R1. R2 y (f x) âˆ§ x âˆˆ s
    IN_INSERTR
      |- âˆ€R x s y. y âˆˆ INSERTR R x s â‡” R y x âˆ¨ y âˆˆ s
    IN_PRS
      |- âˆ€R abs rep.
           QUOTIENT R abs rep â‡’ âˆ€x s. x âˆˆ s â‡” rep x âˆˆ (abs --> I) s
    IN_RSP
      |- âˆ€R abs rep.
           QUOTIENT R abs rep â‡’
           âˆ€x1 x2 s1 s2.
             R x1 x2 âˆ§ (R ===> $<=>) s1 s2 â‡’ (x1 âˆˆ s1 â‡” x2 âˆˆ s2)
    IN_SET_MAP
      |- âˆ€f s x. x âˆˆ (f --> I) s â‡” f x âˆˆ s
    PSUBSETR_RSP
      |- âˆ€R abs rep.
           QUOTIENT R abs rep â‡’
           âˆ€s1 s2 t1 t2.
             (R ===> $<=>) s1 s2 âˆ§ (R ===> $<=>) t1 t2 â‡’
             (PSUBSETR R s1 t1 â‡” PSUBSETR R s2 t2)
    PSUBSET_PRS
      |- âˆ€R abs rep.
           QUOTIENT R abs rep â‡’
           âˆ€s t. s âŠ‚ t â‡” PSUBSETR R ((abs --> I) s) ((abs --> I) t)
    SET_REL
      |- âˆ€R s t. (R ===> $<=>) s t â‡” âˆ€x y. R x y â‡’ (x âˆˆ s â‡” y âˆˆ t)
    SET_REL_MP
      |- âˆ€R abs rep.
           QUOTIENT R abs rep â‡’
           âˆ€s t x y. (R ===> $<=>) s t âˆ§ R x y â‡’ (x âˆˆ s â‡” y âˆˆ t)
    SUBSETR_RSP
      |- âˆ€R abs rep.
           QUOTIENT R abs rep â‡’
           âˆ€s1 s2 t1 t2.
             (R ===> $<=>) s1 s2 âˆ§ (R ===> $<=>) t1 t2 â‡’
             (SUBSETR R s1 t1 â‡” SUBSETR R s2 t2)
    SUBSET_PRS
      |- âˆ€R abs rep.
           QUOTIENT R abs rep â‡’
           âˆ€s t. s âŠ† t â‡” SUBSETR R ((abs --> I) s) ((abs --> I) t)
    UNION_PRS
      |- âˆ€R abs rep.
           QUOTIENT R abs rep â‡’
           âˆ€s t. s âˆª t = (rep --> I) ((abs --> I) s âˆª (abs --> I) t)
    UNION_RSP
      |- âˆ€R abs rep.
           QUOTIENT R abs rep â‡’
           âˆ€s1 s2 t1 t2.
             (R ===> $<=>) s1 s2 âˆ§ (R ===> $<=>) t1 t2 â‡’
             (R ===> $<=>) (s1 âˆª t1) (s2 âˆª t2)
    UNIV_PRS
      |- âˆ€R abs rep. QUOTIENT R abs rep â‡’ (ğ•Œ(:Î²) = (rep --> I) ğ•Œ(:Î±))
    UNIV_RSP
      |- âˆ€R abs rep. QUOTIENT R abs rep â‡’ (R ===> $<=>) ğ•Œ(:Î±) ğ•Œ(:Î±)
